# JRE version: Java(TM) SE Runtime Environment (8.0_144-b01) (build 1.8.0_144-b01)
# Java VM: Java HotSpot(TM) Server VM (25.144-b01 mixed mode linux-x86 )
Heap:
 PSYoungGen      total 19200K, used 13751K [0x91cc0000, 0x94240000, 0xa6e00000)
  eden space 16640K, 82% used [0x91cc0000,0x92a2de88,0x92d00000)
  from space 2560K, 0% used [0x92d00000,0x92d00000,0x92f80000)
  to   space 2560K, 0% used [0x93fc0000,0x93fc0000,0x94240000)
 ParOldGen       total 36864K, used 6427K [0x67a00000, 0x69e00000, 0x91cc0000)
  object space 36864K, 17% used [0x67a00000,0x68046c68,0x69e00000)
 Metaspace       used 16640K, capacity 17076K, committed 17280K, reserved 17712K
GC Heap History (8 events):
Event: 1.488 GC heap before
{Heap before GC invocations=1 (full 0):
 PSYoungGen      total 19200K, used 16640K [0x91cc0000, 0x93200000, 0xa6e00000)
  eden space 16640K, 100% used [0x91cc0000,0x92d00000,0x92d00000)
  from space 2560K, 0% used [0x92f80000,0x92f80000,0x93200000)
  to   space 2560K, 0% used [0x92d00000,0x92d00000,0x92f80000)
 ParOldGen       total 43776K, used 0K [0x67a00000, 0x6a4c0000, 0x91cc0000)
  object space 43776K, 0% used [0x67a00000,0x67a00000,0x6a4c0000)
 Metaspace       used 7242K, capacity 7562K, committed 7704K, reserved 8496K
Event: 1.492 GC heap after
Heap after GC invocations=1 (full 0):
 PSYoungGen      total 19200K, used 2376K [0x91cc0000, 0x93200000, 0xa6e00000)
  eden space 16640K, 0% used [0x91cc0000,0x91cc0000,0x92d00000)
  from space 2560K, 92% used [0x92d00000,0x92f52060,0x92f80000)
  to   space 2560K, 0% used [0x92f80000,0x92f80000,0x93200000)
 ParOldGen       total 43776K, used 72K [0x67a00000, 0x6a4c0000, 0x91cc0000)
  object space 43776K, 0% used [0x67a00000,0x67a12010,0x6a4c0000)
 Metaspace       used 7242K, capacity 7562K, committed 7704K, reserved 8496K
}
Event: 2.776 GC heap before
{Heap before GC invocations=2 (full 0):
 PSYoungGen      total 19200K, used 19016K [0x91cc0000, 0x93200000, 0xa6e00000)
  eden space 16640K, 100% used [0x91cc0000,0x92d00000,0x92d00000)
  from space 2560K, 92% used [0x92d00000,0x92f52060,0x92f80000)
  to   space 2560K, 0% used [0x92f80000,0x92f80000,0x93200000)
 ParOldGen       total 43776K, used 72K [0x67a00000, 0x6a4c0000, 0x91cc0000)
  object space 43776K, 0% used [0x67a00000,0x67a12010,0x6a4c0000)
 Metaspace       used 12987K, capacity 13364K, committed 13592K, reserved 13616K
Event: 2.791 GC heap after
Heap after GC invocations=2 (full 0):
 PSYoungGen      total 19200K, used 2559K [0x91cc0000, 0x93200000, 0xa6e00000)
  eden space 16640K, 0% used [0x91cc0000,0x91cc0000,0x92d00000)
  from space 2560K, 99% used [0x92f80000,0x931ffcb8,0x93200000)
  to   space 2560K, 0% used [0x92d00000,0x92d00000,0x92f80000)
 ParOldGen       total 43776K, used 4328K [0x67a00000, 0x6a4c0000, 0x91cc0000)
  object space 43776K, 9% used [0x67a00000,0x67e3a048,0x6a4c0000)
 Metaspace       used 12987K, capacity 13364K, committed 13592K, reserved 13616K
}
Event: 3.700 GC heap before
{Heap before GC invocations=3 (full 0):
 PSYoungGen      total 19200K, used 9599K [0x91cc0000, 0x93200000, 0xa6e00000)
  eden space 16640K, 42% used [0x91cc0000,0x923a02b0,0x92d00000)
  from space 2560K, 99% used [0x92f80000,0x931ffcb8,0x93200000)
  to   space 2560K, 0% used [0x92d00000,0x92d00000,0x92f80000)
 ParOldGen       total 43776K, used 4328K [0x67a00000, 0x6a4c0000, 0x91cc0000)
  object space 43776K, 9% used [0x67a00000,0x67e3a048,0x6a4c0000)
 Metaspace       used 15866K, capacity 16250K, committed 16384K, reserved 16688K
Event: 3.717 GC heap after
Heap after GC invocations=3 (full 0):
 PSYoungGen      total 19200K, used 2544K [0x91cc0000, 0x94240000, 0xa6e00000)
  eden space 16640K, 0% used [0x91cc0000,0x91cc0000,0x92d00000)
  from space 2560K, 99% used [0x92d00000,0x92f7c090,0x92f80000)
  to   space 2560K, 0% used [0x93fc0000,0x93fc0000,0x94240000)
 ParOldGen       total 43776K, used 5749K [0x67a00000, 0x6a4c0000, 0x91cc0000)
  object space 43776K, 13% used [0x67a00000,0x67f9d4a0,0x6a4c0000)
 Metaspace       used 15866K, capacity 16250K, committed 16384K, reserved 16688K
}
Event: 3.717 GC heap before
{Heap before GC invocations=4 (full 1):
 PSYoungGen      total 19200K, used 2544K [0x91cc0000, 0x94240000, 0xa6e00000)
  eden space 16640K, 0% used [0x91cc0000,0x91cc0000,0x92d00000)
  from space 2560K, 99% used [0x92d00000,0x92f7c090,0x92f80000)
  to   space 2560K, 0% used [0x93fc0000,0x93fc0000,0x94240000)
 ParOldGen       total 43776K, used 5749K [0x67a00000, 0x6a4c0000, 0x91cc0000)
  object space 43776K, 13% used [0x67a00000,0x67f9d4a0,0x6a4c0000)
 Metaspace       used 15866K, capacity 16250K, committed 16384K, reserved 16688K
Event: 3.764 GC heap after
Heap after GC invocations=4 (full 1):
 PSYoungGen      total 19200K, used 0K [0x91cc0000, 0x94240000, 0xa6e00000)
  eden space 16640K, 0% used [0x91cc0000,0x91cc0000,0x92d00000)
  from space 2560K, 0% used [0x92d00000,0x92d00000,0x92f80000)
  to   space 2560K, 0% used [0x93fc0000,0x93fc0000,0x94240000)
 ParOldGen       total 36864K, used 6427K [0x67a00000, 0x69e00000, 0x91cc0000)
  object space 36864K, 17% used [0x67a00000,0x68046c68,0x69e00000)
 Metaspace       used 15866K, capacity 16250K, committed 16384K, reserved 16688K
}

