# JRE version: Java(TM) SE Runtime Environment (8.0_144-b01) (build 1.8.0_144-b01)
# Java VM: Java HotSpot(TM) Server VM (25.144-b01 mixed mode linux-x86 )
Heap:
 PSYoungGen      total 35840K, used 6372K [0x91cc0000, 0x94240000, 0xa6e00000)
  eden space 33280K, 11% used [0x91cc0000,0x92079e58,0x93d40000)
  from space 2560K, 99% used [0x93fc0000,0x9423f448,0x94240000)
  to   space 2560K, 0% used [0x93d40000,0x93d40000,0x93fc0000)
 ParOldGen       total 43776K, used 4430K [0x67a00000, 0x6a4c0000, 0x91cc0000)
  object space 43776K, 10% used [0x67a00000,0x67e53a60,0x6a4c0000)
 Metaspace       used 14875K, capacity 15238K, committed 15384K, reserved 15664K
GC Heap History (4 events):
Event: 1.638 GC heap before
{Heap before GC invocations=1 (full 0):
 PSYoungGen      total 19200K, used 16640K [0x91cc0000, 0x93200000, 0xa6e00000)
  eden space 16640K, 100% used [0x91cc0000,0x92d00000,0x92d00000)
  from space 2560K, 0% used [0x92f80000,0x92f80000,0x93200000)
  to   space 2560K, 0% used [0x92d00000,0x92d00000,0x92f80000)
 ParOldGen       total 43776K, used 0K [0x67a00000, 0x6a4c0000, 0x91cc0000)
  object space 43776K, 0% used [0x67a00000,0x67a00000,0x6a4c0000)
 Metaspace       used 7249K, capacity 7560K, committed 7704K, reserved 8496K
Event: 1.669 GC heap after
Heap after GC invocations=1 (full 0):
 PSYoungGen      total 19200K, used 2408K [0x91cc0000, 0x94240000, 0xa6e00000)
  eden space 16640K, 0% used [0x91cc0000,0x91cc0000,0x92d00000)
  from space 2560K, 94% used [0x92d00000,0x92f5a050,0x92f80000)
  to   space 2560K, 0% used [0x93fc0000,0x93fc0000,0x94240000)
 ParOldGen       total 43776K, used 0K [0x67a00000, 0x6a4c0000, 0x91cc0000)
  object space 43776K, 0% used [0x67a00000,0x67a00000,0x6a4c0000)
 Metaspace       used 7249K, capacity 7560K, committed 7704K, reserved 8496K
}
Event: 2.849 GC heap before
{Heap before GC invocations=2 (full 0):
 PSYoungGen      total 19200K, used 19048K [0x91cc0000, 0x94240000, 0xa6e00000)
  eden space 16640K, 100% used [0x91cc0000,0x92d00000,0x92d00000)
  from space 2560K, 94% used [0x92d00000,0x92f5a050,0x92f80000)
  to   space 2560K, 0% used [0x93fc0000,0x93fc0000,0x94240000)
 ParOldGen       total 43776K, used 0K [0x67a00000, 0x6a4c0000, 0x91cc0000)
  object space 43776K, 0% used [0x67a00000,0x67a00000,0x6a4c0000)
 Metaspace       used 12987K, capacity 13362K, committed 13592K, reserved 13616K
Event: 2.875 GC heap after
Heap after GC invocations=2 (full 0):
 PSYoungGen      total 35840K, used 2557K [0x91cc0000, 0x94240000, 0xa6e00000)
  eden space 33280K, 0% used [0x91cc0000,0x91cc0000,0x93d40000)
  from space 2560K, 99% used [0x93fc0000,0x9423f448,0x94240000)
  to   space 2560K, 0% used [0x93d40000,0x93d40000,0x93fc0000)
 ParOldGen       total 43776K, used 4430K [0x67a00000, 0x6a4c0000, 0x91cc0000)
  object space 43776K, 10% used [0x67a00000,0x67e53a60,0x6a4c0000)
 Metaspace       used 12987K, capacity 13362K, committed 13592K, reserved 13616K
}

