# JRE version: Java(TM) SE Runtime Environment (8.0_144-b01) (build 1.8.0_144-b01)
# Java VM: Java HotSpot(TM) Server VM (25.144-b01 mixed mode linux-x86 )
Heap:
 PSYoungGen      total 19200K, used 13813K [0x91cc0000, 0x94240000, 0xa6e00000)
  eden space 16640K, 83% used [0x91cc0000,0x92a3d578,0x92d00000)
  from space 2560K, 0% used [0x92d00000,0x92d00000,0x92f80000)
  to   space 2560K, 0% used [0x93fc0000,0x93fc0000,0x94240000)
 ParOldGen       total 38656K, used 8156K [0x67a00000, 0x69fc0000, 0x91cc0000)
  object space 38656K, 21% used [0x67a00000,0x681f72e0,0x69fc0000)
 Metaspace       used 16645K, capacity 17076K, committed 17280K, reserved 17712K
GC Heap History (8 events):
Event: 2.333 GC heap before
{Heap before GC invocations=1 (full 0):
 PSYoungGen      total 19200K, used 16640K [0x91cc0000, 0x93200000, 0xa6e00000)
  eden space 16640K, 100% used [0x91cc0000,0x92d00000,0x92d00000)
  from space 2560K, 0% used [0x92f80000,0x92f80000,0x93200000)
  to   space 2560K, 0% used [0x92d00000,0x92d00000,0x92f80000)
 ParOldGen       total 43776K, used 0K [0x67a00000, 0x6a4c0000, 0x91cc0000)
  object space 43776K, 0% used [0x67a00000,0x67a00000,0x6a4c0000)
 Metaspace       used 7247K, capacity 7562K, committed 7704K, reserved 8496K
Event: 2.344 GC heap after
Heap after GC invocations=1 (full 0):
 PSYoungGen      total 19200K, used 2408K [0x91cc0000, 0x93200000, 0xa6e00000)
  eden space 16640K, 0% used [0x91cc0000,0x91cc0000,0x92d00000)
  from space 2560K, 94% used [0x92d00000,0x92f5a070,0x92f80000)
  to   space 2560K, 0% used [0x92f80000,0x92f80000,0x93200000)
 ParOldGen       total 43776K, used 0K [0x67a00000, 0x6a4c0000, 0x91cc0000)
  object space 43776K, 0% used [0x67a00000,0x67a00000,0x6a4c0000)
 Metaspace       used 7247K, capacity 7562K, committed 7704K, reserved 8496K
}
Event: 3.501 GC heap before
{Heap before GC invocations=2 (full 0):
 PSYoungGen      total 19200K, used 19048K [0x91cc0000, 0x93200000, 0xa6e00000)
  eden space 16640K, 100% used [0x91cc0000,0x92d00000,0x92d00000)
  from space 2560K, 94% used [0x92d00000,0x92f5a070,0x92f80000)
  to   space 2560K, 0% used [0x92f80000,0x92f80000,0x93200000)
 ParOldGen       total 43776K, used 0K [0x67a00000, 0x6a4c0000, 0x91cc0000)
  object space 43776K, 0% used [0x67a00000,0x67a00000,0x6a4c0000)
 Metaspace       used 12990K, capacity 13364K, committed 13592K, reserved 13616K
Event: 3.540 GC heap after
Heap after GC invocations=2 (full 0):
 PSYoungGen      total 19200K, used 2544K [0x91cc0000, 0x94240000, 0xa6e00000)
  eden space 16640K, 0% used [0x91cc0000,0x91cc0000,0x92d00000)
  from space 2560K, 99% used [0x92f80000,0x931fc1f0,0x93200000)
  to   space 2560K, 0% used [0x92d00000,0x92d00000,0x92f80000)
 ParOldGen       total 43776K, used 4428K [0x67a00000, 0x6a4c0000, 0x91cc0000)
  object space 43776K, 10% used [0x67a00000,0x67e532b8,0x6a4c0000)
 Metaspace       used 12990K, capacity 13364K, committed 13592K, reserved 13616K
}
Event: 4.368 GC heap before
{Heap before GC invocations=3 (full 0):
 PSYoungGen      total 19200K, used 9522K [0x91cc0000, 0x94240000, 0xa6e00000)
  eden space 16640K, 41% used [0x91cc0000,0x923907f8,0x92d00000)
  from space 2560K, 99% used [0x92f80000,0x931fc1f0,0x93200000)
  to   space 2560K, 0% used [0x92d00000,0x92d00000,0x92f80000)
 ParOldGen       total 43776K, used 4428K [0x67a00000, 0x6a4c0000, 0x91cc0000)
  object space 43776K, 10% used [0x67a00000,0x67e532b8,0x6a4c0000)
 Metaspace       used 15843K, capacity 16218K, committed 16384K, reserved 16688K
Event: 4.382 GC heap after
Heap after GC invocations=3 (full 0):
 PSYoungGen      total 19200K, used 2551K [0x91cc0000, 0x94240000, 0xa6e00000)
  eden space 16640K, 0% used [0x91cc0000,0x91cc0000,0x92d00000)
  from space 2560K, 99% used [0x92d00000,0x92f7ddf8,0x92f80000)
  to   space 2560K, 0% used [0x93fc0000,0x93fc0000,0x94240000)
 ParOldGen       total 43776K, used 5873K [0x67a00000, 0x6a4c0000, 0x91cc0000)
  object space 43776K, 13% used [0x67a00000,0x67fbc740,0x6a4c0000)
 Metaspace       used 15843K, capacity 16218K, committed 16384K, reserved 16688K
}
Event: 4.382 GC heap before
{Heap before GC invocations=4 (full 1):
 PSYoungGen      total 19200K, used 2551K [0x91cc0000, 0x94240000, 0xa6e00000)
  eden space 16640K, 0% used [0x91cc0000,0x91cc0000,0x92d00000)
  from space 2560K, 99% used [0x92d00000,0x92f7ddf8,0x92f80000)
  to   space 2560K, 0% used [0x93fc0000,0x93fc0000,0x94240000)
 ParOldGen       total 43776K, used 5873K [0x67a00000, 0x6a4c0000, 0x91cc0000)
  object space 43776K, 13% used [0x67a00000,0x67fbc740,0x6a4c0000)
 Metaspace       used 15843K, capacity 16218K, committed 16384K, reserved 16688K
Event: 4.471 GC heap after
Heap after GC invocations=4 (full 1):
 PSYoungGen      total 19200K, used 0K [0x91cc0000, 0x94240000, 0xa6e00000)
  eden space 16640K, 0% used [0x91cc0000,0x91cc0000,0x92d00000)
  from space 2560K, 0% used [0x92d00000,0x92d00000,0x92f80000)
  to   space 2560K, 0% used [0x93fc0000,0x93fc0000,0x94240000)
 ParOldGen       total 38656K, used 8156K [0x67a00000, 0x69fc0000, 0x91cc0000)
  object space 38656K, 21% used [0x67a00000,0x681f72e0,0x69fc0000)
 Metaspace       used 15843K, capacity 16218K, committed 16384K, reserved 16688K
}

